\BOOKMARK [0][-]{chapter.1}{Tutorial\0401}{}% 1
\BOOKMARK [1][-]{section.1.1}{February\0407,\0402025}{chapter.1}% 2
\BOOKMARK [2][-]{subsection.1.1.1}{Notebooks}{section.1.1}% 3
\BOOKMARK [0][-]{chapter.2}{Python\040essentials}{}% 4
\BOOKMARK [1][-]{section.2.1}{Variables}{chapter.2}% 5
\BOOKMARK [1][-]{section.2.2}{Functions}{chapter.2}% 6
\BOOKMARK [1][-]{section.2.3}{Objects}{chapter.2}% 7
\BOOKMARK [1][-]{section.2.4}{Tuples,\040lists\040and\040sets}{chapter.2}% 8
\BOOKMARK [1][-]{section.2.5}{Dictionaries}{chapter.2}% 9
\BOOKMARK [0][-]{chapter.3}{Working\040with\040medical\040images}{}% 10
\BOOKMARK [1][-]{section.3.1}{Python\040packages}{chapter.3}% 11
\BOOKMARK [1][-]{section.3.2}{Loading\040an\040image}{chapter.3}% 12
\BOOKMARK [2][-]{subsection.3.2.1}{Physical\040voxel\040size}{section.3.2}% 13
\BOOKMARK [1][-]{section.3.3}{Visualizing\040an\040image}{chapter.3}% 14
\BOOKMARK [2][-]{subsection.3.3.1}{Image\040intensities}{section.3.3}% 15
\BOOKMARK [1][-]{section.3.4}{MeVisLab}{chapter.3}% 16
\BOOKMARK [0][-]{chapter.4}{Tutorial\0402}{}% 17
\BOOKMARK [1][-]{section.4.1}{February\04013,\0402025}{chapter.4}% 18
\BOOKMARK [0][-]{chapter.5}{Convolution\040and\040cross-correlation}{}% 19
\BOOKMARK [1][-]{section.5.1}{Correlation\040and\040convolution}{chapter.5}% 20
\BOOKMARK [1][-]{section.5.2}{PyTorch}{chapter.5}% 21
\BOOKMARK [0][-]{chapter.6}{Learning\040parameters\040from\040synthetic\040data}{}% 22
\BOOKMARK [0][-]{chapter.7}{A\040convolutional\040neural\040network}{}% 23
\BOOKMARK [1][-]{section.7.1}{Datasets}{chapter.7}% 24
\BOOKMARK [1][-]{section.7.2}{Dataloaders}{chapter.7}% 25
\BOOKMARK [1][-]{section.7.3}{The\040network}{chapter.7}% 26
\BOOKMARK [1][-]{section.7.4}{Training\040procedure\040for\040classification}{chapter.7}% 27
\BOOKMARK [1][-]{section.7.5}{Part\0405e:\040Performance\040evaluation}{chapter.7}% 28
\BOOKMARK [0][-]{chapter.8}{Tutorial\0403}{}% 29
\BOOKMARK [1][-]{section.8.1}{February\04027,\0402025}{chapter.8}% 30
\BOOKMARK [0][-]{chapter.9}{Weights\040and\040Biases}{}% 31
\BOOKMARK [0][-]{chapter.10}{Segmentation\040of\040chest\040X-ray\040images}{}% 32
\BOOKMARK [1][-]{section.10.1}{Data\040management}{chapter.10}% 33
\BOOKMARK [2][-]{subsection.10.1.1}{Build\040a\040CacheDataset}{section.10.1}% 34
\BOOKMARK [2][-]{subsection.10.1.2}{Image\040visualization}{section.10.1}% 35
\BOOKMARK [2][-]{subsection.10.1.3}{Data\040transforms}{section.10.1}% 36
\BOOKMARK [2][-]{subsection.10.1.4}{Dataloader}{section.10.1}% 37
\BOOKMARK [2][-]{subsection.10.1.5}{Validation\040set}{section.10.1}% 38
\BOOKMARK [1][-]{section.10.2}{Setting\040up\040the\040neural\040network,\040loss\040function,\040and\040optimizer}{chapter.10}% 39
\BOOKMARK [2][-]{subsection.10.2.1}{Loss\040function}{section.10.2}% 40
\BOOKMARK [2][-]{subsection.10.2.2}{Choose\040an\040optimizer}{section.10.2}% 41
\BOOKMARK [2][-]{subsection.10.2.3}{Setting\040up\040the\040training\040loop}{section.10.2}% 42
\BOOKMARK [0][-]{chapter.11}{Evaluate\040the\040trained\040network}{}% 43
\BOOKMARK [1][-]{section.11.1}{Visual\040inspection}{chapter.11}% 44
\BOOKMARK [1][-]{section.11.2}{Compute\040evaluation\040metrics}{chapter.11}% 45
\BOOKMARK [2][-]{subsection.11.2.1}{Dice}{section.11.2}% 46
\BOOKMARK [2][-]{subsection.11.2.2}{Hausdorff\040distance}{section.11.2}% 47
\BOOKMARK [1][-]{section.11.3}{Comparison\040to\040baseline\040masks}{chapter.11}% 48
\BOOKMARK [0][-]{chapter.12}{Part\0403:\040Multiclass\040classification}{}% 49
\BOOKMARK [0][-]{chapter.13}{Tutorial\0404}{}% 50
\BOOKMARK [1][-]{section.13.1}{March\04011,\0402025}{chapter.13}% 51
\BOOKMARK [1][-]{section.13.2}{1D\040generative\040adversarial\040network\040\(GAN\)}{chapter.13}% 52
\BOOKMARK [0][-]{chapter.14}{MNIST\040synthesis}{}% 53
\BOOKMARK [1][-]{section.14.1}{The\040discriminator}{chapter.14}% 54
\BOOKMARK [1][-]{section.14.2}{The\040generator}{chapter.14}% 55
\BOOKMARK [1][-]{section.14.3}{The\040model}{chapter.14}% 56
\BOOKMARK [1][-]{section.14.4}{A\040convolutional\040model}{chapter.14}% 57
\BOOKMARK [1][-]{section.14.5}{Interpolation\040in\040the\040latent\040space}{chapter.14}% 58
\BOOKMARK [0][-]{chapter.15}{MedMNIST\040image\040synthesis}{}% 59
\BOOKMARK [1][-]{section.15.1}{Conditional\040MedMNIST\040synthesis}{chapter.15}% 60
\BOOKMARK [0][-]{chapter.16}{Tutorial\0405}{}% 61
\BOOKMARK [1][-]{section.16.1}{March\04020,\0402025}{chapter.16}% 62
\BOOKMARK [1][-]{section.16.2}{Reconstruction}{chapter.16}% 63
\BOOKMARK [2][-]{subsection.16.2.1}{Datasets\040and\040dataloaders}{section.16.2}% 64
\BOOKMARK [2][-]{subsection.16.2.2}{Model}{section.16.2}% 65
\BOOKMARK [2][-]{subsection.16.2.3}{Loss\040function}{section.16.2}% 66
\BOOKMARK [1][-]{section.16.3}{From\040post-processing\040to\040pre-processing}{chapter.16}% 67
\BOOKMARK [0][-]{chapter.17}{Tutorial\0406}{}% 68
\BOOKMARK [1][-]{section.17.1}{April\0402,\0402025}{chapter.17}% 69
\BOOKMARK [1][-]{section.17.2}{Part\0401\040-\040Registration}{chapter.17}% 70
\BOOKMARK [2][-]{subsection.17.2.1}{Data\040management}{section.17.2}% 71
\BOOKMARK [2][-]{subsection.17.2.2}{Model}{section.17.2}% 72
\BOOKMARK [2][-]{subsection.17.2.3}{Objective\040function}{section.17.2}% 73
\BOOKMARK [2][-]{subsection.17.2.4}{Training\040time}{section.17.2}% 74
\BOOKMARK [2][-]{subsection.17.2.5}{Evaluation\040of\040the\040trained\040model}{section.17.2}% 75
\BOOKMARK [1][-]{section.17.3}{Part\0402\040-\040Equivariance}{chapter.17}% 76
\BOOKMARK [2][-]{subsection.17.3.1}{Data\040loading}{section.17.3}% 77
\BOOKMARK [2][-]{subsection.17.3.2}{Loading\040a\040pretrained\040model}{section.17.3}% 78
